***************************************************************************************************** 
* WARNING: The 2022 software stack is deprecated. Please consider switching to
the latest 2024 * 
* software stack, or the older 2023 software stack. * 
* * 
* If you have any question, please contact us via
http://servicedesk.surfsara.nl. * 
***************************************************************************************************** 
wandb: Currently logged in as: xiaweijie1996 (weijie_xia) to https://api.wandb.ai. Use `wandb login --relogin` to force relogin
wandb: Using wandb-core as the SDK backend.  Please refer to https://wandb.me/wandb-core for more information.
wandb: Tracking run with wandb version 0.19.6
wandb: Run data is saved locally in /gpfs/home4/wxia/coopwitholga/comparative_analysis_for_data_agumentaion/wandb/run-20250325_162158-ney9zktm
wandb: Run `wandb offline` to turn off syncing.
wandb: Syncing run FCPflow_5.0percent
wandb: ⭐️ View project at https://wandb.ai/weijie_xia/fcpflow
wandb: 🚀 View run at https://wandb.ai/weijie_xia/fcpflow/runs/ney9zktm
slurmstepd: error: *** JOB 10761815 ON gcn61 CANCELLED AT 2025-03-25T16:24:43 ***

JOB STATISTICS
==============
Job ID: 10761815
Cluster: snellius
User/Group: wxia/wxia
State: CANCELLED (exit code 0)
Nodes: 1
Cores per node: 18
CPU Utilized: 00:00:00
CPU Efficiency: 0.00% of 00:56:06 core-walltime
Job Wall-clock time: 00:03:07
Memory Utilized: 997.06 MB
Memory Efficiency: 0.81% of 120.00 GB
