***************************************************************************************************** 
* WARNING: The 2022 software stack is deprecated. Please consider switching to
the latest 2024 * 
* software stack, or the older 2023 software stack. * 
* * 
* If you have any question, please contact us via
http://servicedesk.surfsara.nl. * 
***************************************************************************************************** 
wandb: Appending key for api.wandb.ai to your netrc file: /home/wxia/.netrc
wandb: Currently logged in as: xiaweijie1996 (weijie_xia) to https://api.wandb.ai. Use `wandb login --relogin` to force relogin
wandb: Using wandb-core as the SDK backend.  Please refer to https://wandb.me/wandb-core for more information.
wandb: Tracking run with wandb version 0.19.6
wandb: Run data is saved locally in /gpfs/home4/wxia/coopwitholga/comparative_analysis_for_data_agumentaion/wandb/run-20250315_232456-e77sgucr
wandb: Run `wandb offline` to turn off syncing.
wandb: Syncing run elated-gorge-1
wandb: ⭐️ View project at https://wandb.ai/weijie_xia/comparative_analysis_for_data_agumentaion
wandb: 🚀 View run at https://wandb.ai/weijie_xia/comparative_analysis_for_data_agumentaion/runs/e77sgucr
/var/spool/slurm/slurmd/job10529412/slurm_script: line 17: 1119244 Killed                  python $HOME/coopwitholga/comparative_analysis_for_data_agumentaion/data_augmentation/FCPFlow/main_fcpflow.py
slurmstepd: error: Detected 1 oom_kill event in StepId=10529412.batch. Some of the step tasks have been OOM Killed.

JOB STATISTICS
==============
Job ID: 10529412
Cluster: snellius
User/Group: wxia/wxia
State: RUNNING
Nodes: 1
Cores per node: 18
CPU Utilized: 00:00:00
CPU Efficiency: 0.00% of 3-17:40:12 core-walltime
Job Wall-clock time: 04:58:54
Memory Utilized: 0.00 MB (estimated maximum)
Memory Efficiency: 0.00% of 120.00 GB (120.00 GB/node)
WARNING: Efficiency statistics may be misleading for RUNNING jobs.
