***************************************************************************************************** 
* WARNING: The 2022 software stack is deprecated. Please consider switching to
the latest 2024 * 
* software stack, or the older 2023 software stack. * 
* * 
* If you have any question, please contact us via
http://servicedesk.surfsara.nl. * 
***************************************************************************************************** 
slurmstepd: error: *** JOB 10527522 ON gcn49 CANCELLED AT 2025-03-15T15:03:36 ***

JOB STATISTICS
==============
Job ID: 10527522
Cluster: snellius
User/Group: wxia/wxia
State: CANCELLED (exit code 0)
Nodes: 1
Cores per node: 18
CPU Utilized: 00:00:00
CPU Efficiency: 0.00% of 02:06:00 core-walltime
Job Wall-clock time: 00:07:00
Memory Utilized: 3.19 GB
Memory Efficiency: 2.66% of 120.00 GB
