***************************************************************************************************** 
* WARNING: The 2022 software stack is deprecated. Please consider switching to
the latest 2024 * 
* software stack, or the older 2023 software stack. * 
* * 
* If you have any question, please contact us via
http://servicedesk.surfsara.nl. * 
***************************************************************************************************** 
Number of parameters:  1829664
Traceback (most recent call last):
  File "/gpfs/home4/wxia/coopwitholga/comparative_analysis_for_data_agumentaion/data_augmentation/FCPFlow/main_fcpflow.py", line 37, in <module>
    wandb.init() # Initialize the wandb
    ^^^^^^^^^^^^
  File "/gpfs/home4/wxia/coopwitholga/lib/python3.12/site-packages/wandb/sdk/wandb_init.py", line 1485, in init
    wandb._sentry.reraise(e)
  File "/gpfs/home4/wxia/coopwitholga/lib/python3.12/site-packages/wandb/analytics/sentry.py", line 156, in reraise
    raise exc.with_traceback(sys.exc_info()[2])
  File "/gpfs/home4/wxia/coopwitholga/lib/python3.12/site-packages/wandb/sdk/wandb_init.py", line 1433, in init
    wi.maybe_login(init_settings)
  File "/gpfs/home4/wxia/coopwitholga/lib/python3.12/site-packages/wandb/sdk/wandb_init.py", line 175, in maybe_login
    wandb_login._login(
  File "/gpfs/home4/wxia/coopwitholga/lib/python3.12/site-packages/wandb/sdk/wandb_login.py", line 302, in _login
    key, key_status = wlogin.prompt_api_key()
                      ^^^^^^^^^^^^^^^^^^^^^^^
  File "/gpfs/home4/wxia/coopwitholga/lib/python3.12/site-packages/wandb/sdk/wandb_login.py", line 231, in prompt_api_key
    raise UsageError("api_key not configured (no-tty). call " + directive)
wandb.errors.errors.UsageError: api_key not configured (no-tty). call wandb.login(key=[your_api_key])

JOB STATISTICS
==============
Job ID: 10527794
Cluster: snellius
User/Group: wxia/wxia
State: RUNNING
Nodes: 1
Cores per node: 18
CPU Utilized: 00:00:00
CPU Efficiency: 0.00% of 00:06:00 core-walltime
Job Wall-clock time: 00:00:20
Memory Utilized: 0.00 MB (estimated maximum)
Memory Efficiency: 0.00% of 120.00 GB (120.00 GB/node)
WARNING: Efficiency statistics may be misleading for RUNNING jobs.
