***************************************************************************************************** 
* WARNING: The 2022 software stack is deprecated. Please consider switching to
the latest 2024 * 
* software stack, or the older 2023 software stack. * 
* * 
* If you have any question, please contact us via
http://servicedesk.surfsara.nl. * 
***************************************************************************************************** 
wandb: Appending key for api.wandb.ai to your netrc file: /home/wxia/.netrc
wandb: Currently logged in as: xiaweijie1996 (weijie_xia) to https://api.wandb.ai. Use `wandb login --relogin` to force relogin
wandb: Using wandb-core as the SDK backend.  Please refer to https://wandb.me/wandb-core for more information.
wandb: Tracking run with wandb version 0.19.6
wandb: Run data is saved locally in /gpfs/home4/wxia/coopwitholga/comparative_analysis_for_data_agumentaion/wandb/run-20250315_152753-vdldo0xd
wandb: Run `wandb offline` to turn off syncing.
wandb: Syncing run young-flower-3
wandb: ⭐️ View project at https://wandb.ai/weijie_xia/comparative_analysis_for_data_agumentaion-data_augmentation_FCPFlow
wandb: 🚀 View run at https://wandb.ai/weijie_xia/comparative_analysis_for_data_agumentaion-data_augmentation_FCPFlow/runs/vdldo0xd
slurmstepd: error: *** JOB 10527821 ON gcn20 CANCELLED AT 2025-03-15T18:27:46 DUE TO TIME LIMIT ***

JOB STATISTICS
==============
Job ID: 10527821
Cluster: snellius
User/Group: wxia/wxia
State: TIMEOUT (exit code 0)
Nodes: 1
Cores per node: 18
CPU Utilized: 00:00:00
CPU Efficiency: 0.00% of 2-06:03:18 core-walltime
Job Wall-clock time: 03:00:11
Memory Utilized: 71.49 GB
Memory Efficiency: 59.58% of 120.00 GB
