***************************************************************************************************** 
* WARNING: The 2022 software stack is deprecated. Please consider switching to
the latest 2024 * 
* software stack, or the older 2023 software stack. * 
* * 
* If you have any question, please contact us via
http://servicedesk.surfsara.nl. * 
***************************************************************************************************** 
wandb: Appending key for api.wandb.ai to your netrc file: /home/wxia/.netrc
wandb: Currently logged in as: xiaweijie1996 (weijie_xia) to https://api.wandb.ai. Use `wandb login --relogin` to force relogin
wandb: Using wandb-core as the SDK backend.  Please refer to https://wandb.me/wandb-core for more information.
wandb: Tracking run with wandb version 0.19.6
wandb: Run data is saved locally in /gpfs/home4/wxia/coopwitholga/comparative_analysis_for_data_agumentaion/wandb/run-20250325_112711-lkyo3n76
wandb: Run `wandb offline` to turn off syncing.
wandb: Syncing run giddy-spaceship-2
wandb: ⭐️ View project at https://wandb.ai/weijie_xia/comparative_analysis_for_data_agumentaion
wandb: 🚀 View run at https://wandb.ai/weijie_xia/comparative_analysis_for_data_agumentaion/runs/lkyo3n76
slurmstepd: error: *** JOB 10756706 ON gcn22 CANCELLED AT 2025-03-25T11:28:05 ***

JOB STATISTICS
==============
Job ID: 10756706
Cluster: snellius
User/Group: wxia/wxia
State: CANCELLED (exit code 0)
Nodes: 1
Cores per node: 18
CPU Utilized: 00:00:00
CPU Efficiency: 0.00% of 00:22:30 core-walltime
Job Wall-clock time: 00:01:15
Memory Utilized: 1.20 GB
Memory Efficiency: 1.00% of 120.00 GB
